[2026-02-12 15:18:16] churn_pipeline - INFO - ================================================================================
[2026-02-12 15:18:16] churn_pipeline - INFO - Banking Customer Churn Prediction Pipeline - Logging Initialized
[2026-02-12 15:18:16] churn_pipeline - INFO - Log file: logs/churn_pipeline_20260212_151816.log
[2026-02-12 15:18:16] churn_pipeline - INFO - ================================================================================
[2026-02-12 15:18:26] churn_pipeline - INFO - DataIngestion initialized with path: data/raw/Churn_Modelling.csv
[2026-02-12 15:18:26] churn_pipeline - INFO - ================================================================================
[2026-02-12 15:18:26] churn_pipeline - INFO - STARTING DATA INGESTION PIPELINE
[2026-02-12 15:18:26] churn_pipeline - INFO - ================================================================================
[2026-02-12 15:18:26] churn_pipeline - INFO - Loading data from: data/raw/Churn_Modelling.csv
[2026-02-12 15:18:26] churn_pipeline - INFO - ✓ Data loaded successfully. Shape: (10000, 14)
[2026-02-12 15:18:26] churn_pipeline - INFO - ✓ Columns: ['RowNumber', 'CustomerId', 'Surname', 'CreditScore', 'Geography', 'Gender', 'Age', 'Tenure', 'Balance', 'NumOfProducts', 'HasCrCard', 'IsActiveMember', 'EstimatedSalary', 'Exited']
[2026-02-12 15:18:26] churn_pipeline - INFO - Validating data schema...
[2026-02-12 15:18:26] churn_pipeline - INFO - ✓ Schema validation passed - all required columns present
[2026-02-12 15:18:26] churn_pipeline - INFO - Performing data quality checks...
[2026-02-12 15:18:26] churn_pipeline - INFO - ✓ Total rows: 10000
[2026-02-12 15:18:26] churn_pipeline - INFO - ✓ Total columns: 14
[2026-02-12 15:18:26] churn_pipeline - INFO - ✓ Duplicate rows: 0
[2026-02-12 15:18:26] churn_pipeline - INFO - ✓ No missing values found
[2026-02-12 15:18:26] churn_pipeline - INFO - ================================================================================
[2026-02-12 15:18:26] churn_pipeline - INFO - ✅ DATA INGESTION COMPLETED SUCCESSFULLY
[2026-02-12 15:18:26] churn_pipeline - INFO - ================================================================================
[2026-02-12 15:18:26] churn_pipeline - INFO - DataPreprocessor initialized
[2026-02-12 15:18:26] churn_pipeline - INFO - ================================================================================
[2026-02-12 15:18:26] churn_pipeline - INFO - STARTING DATA PREPROCESSING PIPELINE
[2026-02-12 15:18:26] churn_pipeline - INFO - ================================================================================
[2026-02-12 15:18:26] churn_pipeline - INFO - Dropping unnecessary columns: ['RowNumber', 'CustomerId', 'Surname']
[2026-02-12 15:18:26] churn_pipeline - INFO - ✓ Dropped 3 columns
[2026-02-12 15:18:26] churn_pipeline - INFO - ✓ Remaining columns: ['CreditScore', 'Geography', 'Gender', 'Age', 'Tenure', 'Balance', 'NumOfProducts', 'HasCrCard', 'IsActiveMember', 'EstimatedSalary', 'Exited']
[2026-02-12 15:18:26] churn_pipeline - INFO - ✓ New shape: (10000, 11)
[2026-02-12 15:18:26] churn_pipeline - INFO - Checking for missing values...
[2026-02-12 15:18:26] churn_pipeline - INFO - ✓ No missing values found
[2026-02-12 15:18:26] churn_pipeline - INFO - Validating processed data...
[2026-02-12 15:18:26] churn_pipeline - INFO - ✓ All validation checks passed
[2026-02-12 15:18:26] churn_pipeline - INFO - Saving processed data to: data/processed/churn_cleaned.csv
[2026-02-12 15:18:26] churn_pipeline - INFO - ✓ Processed data saved successfully
[2026-02-12 15:18:26] churn_pipeline - INFO - ✓ Saved 10000 rows, 11 columns
[2026-02-12 15:18:26] churn_pipeline - INFO - ================================================================================
[2026-02-12 15:18:26] churn_pipeline - INFO - ✅ DATA PREPROCESSING COMPLETED SUCCESSFULLY
[2026-02-12 15:18:26] churn_pipeline - INFO - ✅ Processed data saved to: data/processed/churn_cleaned.csv
[2026-02-12 15:18:26] churn_pipeline - INFO - ================================================================================
[2026-02-12 15:18:26] churn_pipeline - INFO - FeatureEngineer initialized (test_size=0.2, random_state=42, use_smote=True)
[2026-02-12 15:18:26] churn_pipeline - INFO - ================================================================================
[2026-02-12 15:18:26] churn_pipeline - INFO - STARTING FEATURE ENGINEERING PIPELINE
[2026-02-12 15:18:26] churn_pipeline - INFO - ================================================================================
[2026-02-12 15:18:26] churn_pipeline - INFO - Encoding categorical variables...
[2026-02-12 15:18:26] churn_pipeline - INFO - ✓ Geography encoded: {'France': np.int64(0), 'Germany': np.int64(1), 'Spain': np.int64(2)}
[2026-02-12 15:18:26] churn_pipeline - INFO - ✓ Gender encoded: {'Female': np.int64(0), 'Male': np.int64(1)}
[2026-02-12 15:18:26] churn_pipeline - INFO - ✓ Categorical encoding complete
[2026-02-12 15:18:26] churn_pipeline - INFO - Splitting features and target...
[2026-02-12 15:18:26] churn_pipeline - INFO - ✓ Features (X) shape: (10000, 10)
[2026-02-12 15:18:26] churn_pipeline - INFO - ✓ Target (y) shape: (10000,)
[2026-02-12 15:18:26] churn_pipeline - INFO - ✓ Feature columns: ['CreditScore', 'Geography', 'Gender', 'Age', 'Tenure', 'Balance', 'NumOfProducts', 'HasCrCard', 'IsActiveMember', 'EstimatedSalary']
[2026-02-12 15:18:26] churn_pipeline - INFO - ✓ Target distribution:
Exited
0    7963
1    2037
Name: count, dtype: int64
[2026-02-12 15:18:26] churn_pipeline - INFO - Creating train/test split (test_size=0.2)...
[2026-02-12 15:18:26] churn_pipeline - INFO - ✓ Training set: 8000 samples
[2026-02-12 15:18:26] churn_pipeline - INFO - ✓ Test set: 2000 samples
[2026-02-12 15:18:26] churn_pipeline - INFO - ✓ Train target distribution:
Exited
0    6370
1    1630
Name: count, dtype: int64
[2026-02-12 15:18:26] churn_pipeline - INFO - ✓ Test target distribution:
Exited
0    1593
1     407
Name: count, dtype: int64
[2026-02-12 15:18:26] churn_pipeline - INFO - Applying SMOTE to balance training data...
[2026-02-12 15:18:26] churn_pipeline - INFO - Original training set distribution:
Exited
0    6370
1    1630
Name: count, dtype: int64
[2026-02-12 15:18:26] churn_pipeline - INFO - ✓ SMOTE applied successfully
[2026-02-12 15:18:26] churn_pipeline - INFO - ✓ Balanced training set: 12740 samples
[2026-02-12 15:18:26] churn_pipeline - INFO - ✓ New distribution:
Exited
1    6370
0    6370
Name: count, dtype: int64
[2026-02-12 15:18:26] churn_pipeline - INFO - ✓ Added 4740 synthetic samples (59.2% increase)
[2026-02-12 15:18:26] churn_pipeline - INFO - Scaling features with StandardScaler...
[2026-02-12 15:18:26] churn_pipeline - INFO - ✓ Training set scaled: (12740, 10)
[2026-02-12 15:18:26] churn_pipeline - INFO - ✓ Test set scaled: (2000, 10)
[2026-02-12 15:18:26] churn_pipeline - INFO - Saving feature data...
[2026-02-12 15:18:26] churn_pipeline - INFO - ✓ Saved X_train to data/features/X_train.csv
[2026-02-12 15:18:26] churn_pipeline - INFO - ✓ Saved X_test to data/features/X_test.csv
[2026-02-12 15:18:26] churn_pipeline - INFO - ✓ Saved y_train to data/features/y_train.csv
[2026-02-12 15:18:26] churn_pipeline - INFO - ✓ Saved y_test to data/features/y_test.csv
[2026-02-12 15:18:26] churn_pipeline - INFO - Saving preprocessing artifacts...
[2026-02-12 15:18:26] churn_pipeline - INFO - ✓ Saved scaler to artifacts/preprocessors/scaler.pkl
[2026-02-12 15:18:26] churn_pipeline - INFO - ✓ Saved Geography encoder to artifacts/preprocessors/label_encoder_geo.pkl
[2026-02-12 15:18:26] churn_pipeline - INFO - ✓ Saved Gender encoder to artifacts/preprocessors/label_encoder_gender.pkl
[2026-02-12 15:18:26] churn_pipeline - INFO - ================================================================================
[2026-02-12 15:18:26] churn_pipeline - INFO - ✅ FEATURE ENGINEERING COMPLETED SUCCESSFULLY
[2026-02-12 15:18:26] churn_pipeline - INFO - ================================================================================
[2026-02-12 15:18:26] churn_pipeline - INFO - ModelTrainer initialized (random_state=42)
[2026-02-12 15:18:26] churn_pipeline - INFO - Number of models to train: 8
[2026-02-12 15:18:26] churn_pipeline - INFO - ================================================================================
[2026-02-12 15:18:26] churn_pipeline - INFO - STARTING MODEL TRAINING PIPELINE
[2026-02-12 15:18:26] churn_pipeline - INFO - ================================================================================
[2026-02-12 15:18:26] churn_pipeline - INFO - Loading feature-engineered data...
[2026-02-12 15:18:26] churn_pipeline - INFO - ✓ X_train loaded: (12740, 10)
[2026-02-12 15:18:26] churn_pipeline - INFO - ✓ X_test loaded: (2000, 10)
[2026-02-12 15:18:26] churn_pipeline - INFO - ✓ y_train loaded: (12740,)
[2026-02-12 15:18:26] churn_pipeline - INFO - ✓ y_test loaded: (2000,)
[2026-02-12 15:18:26] churn_pipeline - INFO - 
Training 8 classification models...
[2026-02-12 15:18:26] churn_pipeline - INFO - --------------------------------------------------------------------------------
[2026-02-12 15:18:26] churn_pipeline - INFO - Training Logistic_Regression...
[2026-02-12 15:18:26] churn_pipeline - INFO - ✓ Logistic_Regression training complete
[2026-02-12 15:18:26] churn_pipeline - INFO - ✓ Logistic_Regression saved to artifacts/models/Logistic_Regression.pkl
[2026-02-12 15:18:26] churn_pipeline - INFO - Training Random_Forest...
[2026-02-12 15:18:27] churn_pipeline - INFO - ✓ Random_Forest training complete
[2026-02-12 15:18:27] churn_pipeline - INFO - ✓ Random_Forest saved to artifacts/models/Random_Forest.pkl
[2026-02-12 15:18:27] churn_pipeline - INFO - Training Gradient_Boosting...
[2026-02-12 15:18:28] churn_pipeline - INFO - ✓ Gradient_Boosting training complete
[2026-02-12 15:18:28] churn_pipeline - INFO - ✓ Gradient_Boosting saved to artifacts/models/Gradient_Boosting.pkl
[2026-02-12 15:18:28] churn_pipeline - INFO - Training XGBoost...
[2026-02-12 15:18:29] churn_pipeline - INFO - ✓ XGBoost training complete
[2026-02-12 15:18:29] churn_pipeline - INFO - ✓ XGBoost saved to artifacts/models/XGBoost.pkl
[2026-02-12 15:18:29] churn_pipeline - INFO - Training CatBoost...
[2026-02-12 15:18:31] churn_pipeline - INFO - ✓ CatBoost training complete
[2026-02-12 15:18:31] churn_pipeline - INFO - ✓ CatBoost saved to artifacts/models/CatBoost.pkl
[2026-02-12 15:18:31] churn_pipeline - INFO - Training KNeighbors...
[2026-02-12 15:18:31] churn_pipeline - INFO - ✓ KNeighbors training complete
[2026-02-12 15:18:31] churn_pipeline - INFO - ✓ KNeighbors saved to artifacts/models/KNeighbors.pkl
[2026-02-12 15:18:31] churn_pipeline - INFO - Training Decision_Tree...
[2026-02-12 15:18:31] churn_pipeline - INFO - ✓ Decision_Tree training complete
[2026-02-12 15:18:31] churn_pipeline - INFO - ✓ Decision_Tree saved to artifacts/models/Decision_Tree.pkl
[2026-02-12 15:18:31] churn_pipeline - INFO - Training AdaBoost...
[2026-02-12 15:18:32] churn_pipeline - INFO - ✓ AdaBoost training complete
[2026-02-12 15:18:32] churn_pipeline - INFO - ✓ AdaBoost saved to artifacts/models/AdaBoost.pkl
[2026-02-12 15:18:32] churn_pipeline - INFO - ================================================================================
[2026-02-12 15:18:32] churn_pipeline - INFO - ✅ MODEL TRAINING COMPLETED SUCCESSFULLY
[2026-02-12 15:18:32] churn_pipeline - INFO - ✅ 8 models trained and saved
[2026-02-12 15:18:32] churn_pipeline - INFO - ================================================================================
[2026-02-12 15:18:32] churn_pipeline - INFO - ModelEvaluator initialized
[2026-02-12 15:18:32] churn_pipeline - INFO - ================================================================================
[2026-02-12 15:18:32] churn_pipeline - INFO - STARTING MODEL EVALUATION PIPELINE
[2026-02-12 15:18:32] churn_pipeline - INFO - ================================================================================
[2026-02-12 15:18:32] churn_pipeline - INFO - Loading test data...
[2026-02-12 15:18:32] churn_pipeline - INFO - ✓ Test data loaded: X_test (2000, 10), y_test (2000,)
[2026-02-12 15:18:32] churn_pipeline - INFO - 
Found 8 trained models
[2026-02-12 15:18:32] churn_pipeline - INFO - --------------------------------------------------------------------------------
[2026-02-12 15:18:32] churn_pipeline - INFO - ✓ Loaded model: XGBoost
[2026-02-12 15:18:32] churn_pipeline - INFO - Evaluating XGBoost...
[2026-02-12 15:18:32] churn_pipeline - INFO - ✓ XGBoost evaluation complete
[2026-02-12 15:18:32] churn_pipeline - INFO -   Accuracy: 0.8115
[2026-02-12 15:18:32] churn_pipeline - INFO -   Precision: 0.5311
[2026-02-12 15:18:32] churn_pipeline - INFO -   Recall: 0.6290
[2026-02-12 15:18:32] churn_pipeline - INFO -   F1 Score: 0.5759
[2026-02-12 15:18:32] churn_pipeline - INFO -   ROC-AUC: 0.8329
[2026-02-12 15:18:32] churn_pipeline - INFO - --------------------------------------------------------------------------------
[2026-02-12 15:18:32] churn_pipeline - INFO - ✓ Loaded model: KNeighbors
[2026-02-12 15:18:32] churn_pipeline - INFO - Evaluating KNeighbors...
[2026-02-12 15:18:32] churn_pipeline - INFO - ✓ KNeighbors evaluation complete
[2026-02-12 15:18:32] churn_pipeline - INFO -   Accuracy: 0.7720
[2026-02-12 15:18:32] churn_pipeline - INFO -   Precision: 0.4571
[2026-02-12 15:18:32] churn_pipeline - INFO -   Recall: 0.6413
[2026-02-12 15:18:32] churn_pipeline - INFO -   F1 Score: 0.5337
[2026-02-12 15:18:32] churn_pipeline - INFO -   ROC-AUC: 0.7921
[2026-02-12 15:18:32] churn_pipeline - INFO - --------------------------------------------------------------------------------
[2026-02-12 15:18:32] churn_pipeline - INFO - ✓ Loaded model: CatBoost
[2026-02-12 15:18:32] churn_pipeline - INFO - Evaluating CatBoost...
[2026-02-12 15:18:32] churn_pipeline - INFO - ✓ CatBoost evaluation complete
[2026-02-12 15:18:32] churn_pipeline - INFO -   Accuracy: 0.8115
[2026-02-12 15:18:32] churn_pipeline - INFO -   Precision: 0.5301
[2026-02-12 15:18:32] churn_pipeline - INFO -   Recall: 0.6486
[2026-02-12 15:18:32] churn_pipeline - INFO -   F1 Score: 0.5834
[2026-02-12 15:18:32] churn_pipeline - INFO -   ROC-AUC: 0.8434
[2026-02-12 15:18:32] churn_pipeline - INFO - --------------------------------------------------------------------------------
[2026-02-12 15:18:32] churn_pipeline - INFO - ✓ Loaded model: Decision_Tree
[2026-02-12 15:18:32] churn_pipeline - INFO - Evaluating Decision_Tree...
[2026-02-12 15:18:32] churn_pipeline - INFO - ✓ Decision_Tree evaluation complete
[2026-02-12 15:18:32] churn_pipeline - INFO -   Accuracy: 0.7440
[2026-02-12 15:18:32] churn_pipeline - INFO -   Precision: 0.4112
[2026-02-12 15:18:32] churn_pipeline - INFO -   Recall: 0.5971
[2026-02-12 15:18:32] churn_pipeline - INFO -   F1 Score: 0.4870
[2026-02-12 15:18:32] churn_pipeline - INFO -   ROC-AUC: 0.6893
[2026-02-12 15:18:32] churn_pipeline - INFO - --------------------------------------------------------------------------------
[2026-02-12 15:18:32] churn_pipeline - INFO - ✓ Loaded model: Gradient_Boosting
[2026-02-12 15:18:32] churn_pipeline - INFO - Evaluating Gradient_Boosting...
[2026-02-12 15:18:32] churn_pipeline - INFO - ✓ Gradient_Boosting evaluation complete
[2026-02-12 15:18:32] churn_pipeline - INFO -   Accuracy: 0.8060
[2026-02-12 15:18:32] churn_pipeline - INFO -   Precision: 0.5177
[2026-02-12 15:18:32] churn_pipeline - INFO -   Recall: 0.6830
[2026-02-12 15:18:32] churn_pipeline - INFO -   F1 Score: 0.5890
[2026-02-12 15:18:32] churn_pipeline - INFO -   ROC-AUC: 0.8530
[2026-02-12 15:18:32] churn_pipeline - INFO - --------------------------------------------------------------------------------
[2026-02-12 15:18:32] churn_pipeline - INFO - ✓ Loaded model: Logistic_Regression
[2026-02-12 15:18:32] churn_pipeline - INFO - Evaluating Logistic_Regression...
[2026-02-12 15:18:32] churn_pipeline - INFO - ✓ Logistic_Regression evaluation complete
[2026-02-12 15:18:32] churn_pipeline - INFO -   Accuracy: 0.7305
[2026-02-12 15:18:32] churn_pipeline - INFO -   Precision: 0.3962
[2026-02-12 15:18:32] churn_pipeline - INFO -   Recall: 0.6192
[2026-02-12 15:18:32] churn_pipeline - INFO -   F1 Score: 0.4832
[2026-02-12 15:18:32] churn_pipeline - INFO -   ROC-AUC: 0.7435
[2026-02-12 15:18:32] churn_pipeline - INFO - --------------------------------------------------------------------------------
[2026-02-12 15:18:32] churn_pipeline - INFO - ✓ Loaded model: AdaBoost
[2026-02-12 15:18:32] churn_pipeline - INFO - Evaluating AdaBoost...
[2026-02-12 15:18:32] churn_pipeline - INFO - ✓ AdaBoost evaluation complete
[2026-02-12 15:18:32] churn_pipeline - INFO -   Accuracy: 0.7880
[2026-02-12 15:18:32] churn_pipeline - INFO -   Precision: 0.4855
[2026-02-12 15:18:32] churn_pipeline - INFO -   Recall: 0.6978
[2026-02-12 15:18:32] churn_pipeline - INFO -   F1 Score: 0.5726
[2026-02-12 15:18:32] churn_pipeline - INFO -   ROC-AUC: 0.8386
[2026-02-12 15:18:32] churn_pipeline - INFO - --------------------------------------------------------------------------------
[2026-02-12 15:18:32] churn_pipeline - INFO - ✓ Loaded model: Random_Forest
[2026-02-12 15:18:32] churn_pipeline - INFO - Evaluating Random_Forest...
[2026-02-12 15:18:32] churn_pipeline - INFO - ✓ Random_Forest evaluation complete
[2026-02-12 15:18:32] churn_pipeline - INFO -   Accuracy: 0.8120
[2026-02-12 15:18:32] churn_pipeline - INFO -   Precision: 0.5316
[2026-02-12 15:18:32] churn_pipeline - INFO -   Recall: 0.6413
[2026-02-12 15:18:32] churn_pipeline - INFO -   F1 Score: 0.5813
[2026-02-12 15:18:32] churn_pipeline - INFO -   ROC-AUC: 0.8412
[2026-02-12 15:18:32] churn_pipeline - INFO - --------------------------------------------------------------------------------
[2026-02-12 15:18:32] churn_pipeline - INFO - Creating model comparison table...
[2026-02-12 15:18:32] churn_pipeline - INFO - ✓ Model comparison table created
[2026-02-12 15:18:32] churn_pipeline - INFO - 
                 Model  Accuracy  Precision    Recall  F1_Score   ROC_AUC
0    Gradient_Boosting    0.8060   0.517691  0.683047  0.588983  0.853009
1             CatBoost    0.8115   0.530120  0.648649  0.583425  0.843363
2        Random_Forest    0.8120   0.531568  0.641278  0.581292  0.841182
3              XGBoost    0.8115   0.531120  0.628993  0.575928  0.832942
4             AdaBoost    0.7880   0.485470  0.697789  0.572581  0.838611
5           KNeighbors    0.7720   0.457093  0.641278  0.533742  0.792112
6        Decision_Tree    0.7440   0.411168  0.597052  0.486974  0.689298
7  Logistic_Regression    0.7305   0.396226  0.619165  0.483221  0.743491
[2026-02-12 15:18:32] churn_pipeline - INFO - ✓ Best model identified: Gradient_Boosting
[2026-02-12 15:18:32] churn_pipeline - INFO -   F1 Score: 0.5890
[2026-02-12 15:18:32] churn_pipeline - INFO - ✓ Loaded model: Gradient_Boosting
[2026-02-12 15:18:32] churn_pipeline - INFO - ✓ Confusion matrix generated for Gradient_Boosting
[2026-02-12 15:18:32] churn_pipeline - INFO -   True Negatives: 1334, False Positives: 259
[2026-02-12 15:18:32] churn_pipeline - INFO -   False Negatives: 129, True Positives: 278
[2026-02-12 15:18:32] churn_pipeline - INFO - ✓ Classification report generated for Gradient_Boosting
[2026-02-12 15:18:32] churn_pipeline - INFO - 
================================================================================
[2026-02-12 15:18:32] churn_pipeline - INFO - BEST MODEL: Gradient_Boosting
[2026-02-12 15:18:32] churn_pipeline - INFO - ================================================================================
[2026-02-12 15:18:32] churn_pipeline - INFO - 
              precision    recall  f1-score   support

  Stayed (0)       0.91      0.84      0.87      1593
 Churned (1)       0.52      0.68      0.59       407

    accuracy                           0.81      2000
   macro avg       0.71      0.76      0.73      2000
weighted avg       0.83      0.81      0.82      2000

[2026-02-12 15:18:32] churn_pipeline - INFO - Saving comparison results...
[2026-02-12 15:18:32] churn_pipeline - INFO - ✓ Comparison results saved to artifacts/metrics/model_comparison.csv
[2026-02-12 15:18:32] churn_pipeline - INFO - ================================================================================
[2026-02-12 15:18:32] churn_pipeline - INFO - ✅ MODEL EVALUATION COMPLETED SUCCESSFULLY
[2026-02-12 15:18:32] churn_pipeline - INFO - ================================================================================
