[2026-02-12 14:57:40] churn_pipeline - INFO - ================================================================================
[2026-02-12 14:57:40] churn_pipeline - INFO - Banking Customer Churn Prediction Pipeline - Logging Initialized
[2026-02-12 14:57:40] churn_pipeline - INFO - Log file: logs/churn_pipeline_20260212_145740.log
[2026-02-12 14:57:40] churn_pipeline - INFO - ================================================================================
[2026-02-12 14:57:40] churn_pipeline - INFO - DataIngestion initialized with path: data/raw/Churn_Modelling.csv
[2026-02-12 14:57:40] churn_pipeline - INFO - ================================================================================
[2026-02-12 14:57:40] churn_pipeline - INFO - STARTING DATA INGESTION PIPELINE
[2026-02-12 14:57:40] churn_pipeline - INFO - ================================================================================
[2026-02-12 14:57:40] churn_pipeline - INFO - Loading data from: data/raw/Churn_Modelling.csv
[2026-02-12 14:57:40] churn_pipeline - INFO - ✓ Data loaded successfully. Shape: (10000, 14)
[2026-02-12 14:57:40] churn_pipeline - INFO - ✓ Columns: ['RowNumber', 'CustomerId', 'Surname', 'CreditScore', 'Geography', 'Gender', 'Age', 'Tenure', 'Balance', 'NumOfProducts', 'HasCrCard', 'IsActiveMember', 'EstimatedSalary', 'Exited']
[2026-02-12 14:57:40] churn_pipeline - INFO - Validating data schema...
[2026-02-12 14:57:40] churn_pipeline - INFO - ✓ Schema validation passed - all required columns present
[2026-02-12 14:57:40] churn_pipeline - INFO - Performing data quality checks...
[2026-02-12 14:57:40] churn_pipeline - INFO - ✓ Total rows: 10000
[2026-02-12 14:57:40] churn_pipeline - INFO - ✓ Total columns: 14
[2026-02-12 14:57:40] churn_pipeline - INFO - ✓ Duplicate rows: 0
[2026-02-12 14:57:40] churn_pipeline - INFO - ✓ No missing values found
[2026-02-12 14:57:40] churn_pipeline - INFO - ================================================================================
[2026-02-12 14:57:40] churn_pipeline - INFO - ✅ DATA INGESTION COMPLETED SUCCESSFULLY
[2026-02-12 14:57:40] churn_pipeline - INFO - ================================================================================
[2026-02-12 14:57:40] churn_pipeline - INFO - DataPreprocessor initialized
[2026-02-12 14:57:40] churn_pipeline - INFO - ================================================================================
[2026-02-12 14:57:40] churn_pipeline - INFO - STARTING DATA PREPROCESSING PIPELINE
[2026-02-12 14:57:40] churn_pipeline - INFO - ================================================================================
[2026-02-12 14:57:40] churn_pipeline - INFO - Dropping unnecessary columns: ['RowNumber', 'CustomerId', 'Surname']
[2026-02-12 14:57:40] churn_pipeline - INFO - ✓ Dropped 3 columns
[2026-02-12 14:57:40] churn_pipeline - INFO - ✓ Remaining columns: ['CreditScore', 'Geography', 'Gender', 'Age', 'Tenure', 'Balance', 'NumOfProducts', 'HasCrCard', 'IsActiveMember', 'EstimatedSalary', 'Exited']
[2026-02-12 14:57:40] churn_pipeline - INFO - ✓ New shape: (10000, 11)
[2026-02-12 14:57:40] churn_pipeline - INFO - Checking for missing values...
[2026-02-12 14:57:40] churn_pipeline - INFO - ✓ No missing values found
[2026-02-12 14:57:40] churn_pipeline - INFO - Validating processed data...
[2026-02-12 14:57:40] churn_pipeline - INFO - ✓ All validation checks passed
[2026-02-12 14:57:40] churn_pipeline - INFO - Saving processed data to: data/processed/churn_cleaned.csv
[2026-02-12 14:57:40] churn_pipeline - INFO - ✓ Processed data saved successfully
[2026-02-12 14:57:40] churn_pipeline - INFO - ✓ Saved 10000 rows, 11 columns
[2026-02-12 14:57:40] churn_pipeline - INFO - ================================================================================
[2026-02-12 14:57:40] churn_pipeline - INFO - ✅ DATA PREPROCESSING COMPLETED SUCCESSFULLY
[2026-02-12 14:57:40] churn_pipeline - INFO - ✅ Processed data saved to: data/processed/churn_cleaned.csv
[2026-02-12 14:57:40] churn_pipeline - INFO - ================================================================================
