[2026-02-12 15:39:16] churn_pipeline - INFO - ================================================================================
[2026-02-12 15:39:16] churn_pipeline - INFO - Banking Customer Churn Prediction Pipeline - Logging Initialized
[2026-02-12 15:39:16] churn_pipeline - INFO - Log file: logs/churn_pipeline_20260212_153916.log
[2026-02-12 15:39:16] churn_pipeline - INFO - ================================================================================
[2026-02-12 15:39:16] churn_pipeline - INFO - Initializing ChurnPredictor on app startup...
[2026-02-12 15:39:16] churn_pipeline - INFO - ChurnPredictor initialized with model: Gradient_Boosting
[2026-02-12 15:39:16] churn_pipeline - INFO - Initializing ChurnPredictor...
[2026-02-12 15:40:27] churn_pipeline - ERROR - Failed to load model Gradient_Boosting
[2026-02-12 15:40:27] churn_pipeline - ERROR - 
    ╔════════════════════════════════════════════════════════════════╗
    ║                   CUSTOM EXCEPTION RAISED                      ║
    ╠════════════════════════════════════════════════════════════════╣
    ║ Error occurred in: /Users/admin/Desktop/Banking Customer Churn/src/models/predict.py
    ║ Line number: 76
    ║ Error message: No module named 'numpy._core'
    ╚════════════════════════════════════════════════════════════════╝
    
[2026-02-12 15:40:27] churn_pipeline - ERROR - Failed to initialize ChurnPredictor
[2026-02-12 15:40:27] churn_pipeline - ERROR - 
    ╔════════════════════════════════════════════════════════════════╗
    ║                   CUSTOM EXCEPTION RAISED                      ║
    ╠════════════════════════════════════════════════════════════════╣
    ║ Error occurred in: /Users/admin/Desktop/Banking Customer Churn/src/models/predict.py
    ║ Line number: 118
    ║ Error message: 
    ╔════════════════════════════════════════════════════════════════╗
    ║                   CUSTOM EXCEPTION RAISED                      ║
    ╠════════════════════════════════════════════════════════════════╣
    ║ Error occurred in: /Users/admin/Desktop/Banking Customer Churn/src/models/predict.py
    ║ Line number: 76
    ║ Error message: No module named 'numpy._core'
    ╚════════════════════════════════════════════════════════════════╝
    
    ╚════════════════════════════════════════════════════════════════╝
    
[2026-02-12 15:40:27] churn_pipeline - ERROR - Failed to initialize predictor: 
    ╔════════════════════════════════════════════════════════════════╗
    ║                   CUSTOM EXCEPTION RAISED                      ║
    ╠════════════════════════════════════════════════════════════════╣
    ║ Error occurred in: /Users/admin/Desktop/Banking Customer Churn/src/models/predict.py
    ║ Line number: 118
    ║ Error message: 
    ╔════════════════════════════════════════════════════════════════╗
    ║                   CUSTOM EXCEPTION RAISED                      ║
    ╠════════════════════════════════════════════════════════════════╣
    ║ Error occurred in: /Users/admin/Desktop/Banking Customer Churn/src/models/predict.py
    ║ Line number: 76
    ║ Error message: No module named 'numpy._core'
    ╚════════════════════════════════════════════════════════════════╝
    
    ╚════════════════════════════════════════════════════════════════╝
    
