[2026-02-12 15:40:51] churn_pipeline - INFO - ================================================================================
[2026-02-12 15:40:51] churn_pipeline - INFO - Banking Customer Churn Prediction Pipeline - Logging Initialized
[2026-02-12 15:40:51] churn_pipeline - INFO - Log file: logs/churn_pipeline_20260212_154051.log
[2026-02-12 15:40:51] churn_pipeline - INFO - ================================================================================
[2026-02-12 15:40:51] churn_pipeline - INFO - Initializing ChurnPredictor on app startup...
[2026-02-12 15:40:51] churn_pipeline - INFO - ChurnPredictor initialized with model: Gradient_Boosting
[2026-02-12 15:40:51] churn_pipeline - INFO - Initializing ChurnPredictor...
[2026-02-12 15:40:52] churn_pipeline - INFO - ✓ Model loaded: Gradient_Boosting
[2026-02-12 15:40:52] churn_pipeline - INFO - Loading preprocessing artifacts...
[2026-02-12 15:40:52] churn_pipeline - INFO - ✓ Scaler loaded
[2026-02-12 15:40:52] churn_pipeline - INFO - ✓ Geography encoder loaded
[2026-02-12 15:40:52] churn_pipeline - INFO - ✓ Gender encoder loaded
[2026-02-12 15:40:52] churn_pipeline - INFO - ✅ ChurnPredictor initialized successfully
[2026-02-12 15:40:52] churn_pipeline - INFO - ✅ ChurnPredictor initialized successfully
[2026-02-12 15:42:29] churn_pipeline - INFO - Received prediction request for customer: {'CreditScore': 300, 'Geography': 'string', 'Gender': 'string', 'Age': 18, 'Tenure': 10, 'Balance': 0.0, 'NumOfProducts': 1, 'HasCrCard': 1, 'IsActiveMember': 1, 'EstimatedSalary': 0.0}
[2026-02-12 15:42:29] churn_pipeline - INFO - Making prediction...
[2026-02-12 15:42:29] churn_pipeline - INFO - Preprocessing input data...
[2026-02-12 15:42:29] churn_pipeline - INFO - Input shape: (1, 10)
[2026-02-12 15:42:29] churn_pipeline - ERROR - Failed to preprocess input data
[2026-02-12 15:42:29] churn_pipeline - ERROR - 
    ╔════════════════════════════════════════════════════════════════╗
    ║                   CUSTOM EXCEPTION RAISED                      ║
    ╠════════════════════════════════════════════════════════════════╣
    ║ Error occurred in: /Users/admin/Desktop/Banking Customer Churn/src/models/predict.py
    ║ Line number: 159
    ║ Error message: y contains previously unseen labels: 'string'
    ╚════════════════════════════════════════════════════════════════╝
    
[2026-02-12 15:42:29] churn_pipeline - ERROR - Prediction failed
[2026-02-12 15:42:29] churn_pipeline - ERROR - 
    ╔════════════════════════════════════════════════════════════════╗
    ║                   CUSTOM EXCEPTION RAISED                      ║
    ╠════════════════════════════════════════════════════════════════╣
    ║ Error occurred in: /Users/admin/Desktop/Banking Customer Churn/src/models/predict.py
    ║ Line number: 201
    ║ Error message: 
    ╔════════════════════════════════════════════════════════════════╗
    ║                   CUSTOM EXCEPTION RAISED                      ║
    ╠════════════════════════════════════════════════════════════════╣
    ║ Error occurred in: /Users/admin/Desktop/Banking Customer Churn/src/models/predict.py
    ║ Line number: 159
    ║ Error message: y contains previously unseen labels: 'string'
    ╚════════════════════════════════════════════════════════════════╝
    
    ╚════════════════════════════════════════════════════════════════╝
    
[2026-02-12 15:42:29] churn_pipeline - ERROR - Single prediction failed
[2026-02-12 15:42:29] churn_pipeline - ERROR - 
    ╔════════════════════════════════════════════════════════════════╗
    ║                   CUSTOM EXCEPTION RAISED                      ║
    ╠════════════════════════════════════════════════════════════════╣
    ║ Error occurred in: /Users/admin/Desktop/Banking Customer Churn/src/models/predict.py
    ║ Line number: 243
    ║ Error message: 
    ╔════════════════════════════════════════════════════════════════╗
    ║                   CUSTOM EXCEPTION RAISED                      ║
    ╠════════════════════════════════════════════════════════════════╣
    ║ Error occurred in: /Users/admin/Desktop/Banking Customer Churn/src/models/predict.py
    ║ Line number: 201
    ║ Error message: 
    ╔════════════════════════════════════════════════════════════════╗
    ║                   CUSTOM EXCEPTION RAISED                      ║
    ╠════════════════════════════════════════════════════════════════╣
    ║ Error occurred in: /Users/admin/Desktop/Banking Customer Churn/src/models/predict.py
    ║ Line number: 159
    ║ Error message: y contains previously unseen labels: 'string'
    ╚════════════════════════════════════════════════════════════════╝
    
    ╚════════════════════════════════════════════════════════════════╝
    
    ╚════════════════════════════════════════════════════════════════╝
    
[2026-02-12 15:42:29] churn_pipeline - ERROR - Prediction failed: 
    ╔════════════════════════════════════════════════════════════════╗
    ║                   CUSTOM EXCEPTION RAISED                      ║
    ╠════════════════════════════════════════════════════════════════╣
    ║ Error occurred in: /Users/admin/Desktop/Banking Customer Churn/src/models/predict.py
    ║ Line number: 243
    ║ Error message: 
    ╔════════════════════════════════════════════════════════════════╗
    ║                   CUSTOM EXCEPTION RAISED                      ║
    ╠════════════════════════════════════════════════════════════════╣
    ║ Error occurred in: /Users/admin/Desktop/Banking Customer Churn/src/models/predict.py
    ║ Line number: 201
    ║ Error message: 
    ╔════════════════════════════════════════════════════════════════╗
    ║                   CUSTOM EXCEPTION RAISED                      ║
    ╠════════════════════════════════════════════════════════════════╣
    ║ Error occurred in: /Users/admin/Desktop/Banking Customer Churn/src/models/predict.py
    ║ Line number: 159
    ║ Error message: y contains previously unseen labels: 'string'
    ╚════════════════════════════════════════════════════════════════╝
    
    ╚════════════════════════════════════════════════════════════════╝
    
    ╚════════════════════════════════════════════════════════════════╝
    
[2026-02-12 15:42:32] churn_pipeline - INFO - Received prediction request for customer: {'CreditScore': 300, 'Geography': 'string', 'Gender': 'string', 'Age': 18, 'Tenure': 10, 'Balance': 0.0, 'NumOfProducts': 1, 'HasCrCard': 1, 'IsActiveMember': 1, 'EstimatedSalary': 0.0}
[2026-02-12 15:42:32] churn_pipeline - INFO - Making prediction...
[2026-02-12 15:42:32] churn_pipeline - INFO - Preprocessing input data...
[2026-02-12 15:42:32] churn_pipeline - INFO - Input shape: (1, 10)
[2026-02-12 15:42:32] churn_pipeline - ERROR - Failed to preprocess input data
[2026-02-12 15:42:32] churn_pipeline - ERROR - 
    ╔════════════════════════════════════════════════════════════════╗
    ║                   CUSTOM EXCEPTION RAISED                      ║
    ╠════════════════════════════════════════════════════════════════╣
    ║ Error occurred in: /Users/admin/Desktop/Banking Customer Churn/src/models/predict.py
    ║ Line number: 159
    ║ Error message: y contains previously unseen labels: 'string'
    ╚════════════════════════════════════════════════════════════════╝
    
[2026-02-12 15:42:32] churn_pipeline - ERROR - Prediction failed
[2026-02-12 15:42:32] churn_pipeline - ERROR - 
    ╔════════════════════════════════════════════════════════════════╗
    ║                   CUSTOM EXCEPTION RAISED                      ║
    ╠════════════════════════════════════════════════════════════════╣
    ║ Error occurred in: /Users/admin/Desktop/Banking Customer Churn/src/models/predict.py
    ║ Line number: 201
    ║ Error message: 
    ╔════════════════════════════════════════════════════════════════╗
    ║                   CUSTOM EXCEPTION RAISED                      ║
    ╠════════════════════════════════════════════════════════════════╣
    ║ Error occurred in: /Users/admin/Desktop/Banking Customer Churn/src/models/predict.py
    ║ Line number: 159
    ║ Error message: y contains previously unseen labels: 'string'
    ╚════════════════════════════════════════════════════════════════╝
    
    ╚════════════════════════════════════════════════════════════════╝
    
[2026-02-12 15:42:32] churn_pipeline - ERROR - Single prediction failed
[2026-02-12 15:42:32] churn_pipeline - ERROR - 
    ╔════════════════════════════════════════════════════════════════╗
    ║                   CUSTOM EXCEPTION RAISED                      ║
    ╠════════════════════════════════════════════════════════════════╣
    ║ Error occurred in: /Users/admin/Desktop/Banking Customer Churn/src/models/predict.py
    ║ Line number: 243
    ║ Error message: 
    ╔════════════════════════════════════════════════════════════════╗
    ║                   CUSTOM EXCEPTION RAISED                      ║
    ╠════════════════════════════════════════════════════════════════╣
    ║ Error occurred in: /Users/admin/Desktop/Banking Customer Churn/src/models/predict.py
    ║ Line number: 201
    ║ Error message: 
    ╔════════════════════════════════════════════════════════════════╗
    ║                   CUSTOM EXCEPTION RAISED                      ║
    ╠════════════════════════════════════════════════════════════════╣
    ║ Error occurred in: /Users/admin/Desktop/Banking Customer Churn/src/models/predict.py
    ║ Line number: 159
    ║ Error message: y contains previously unseen labels: 'string'
    ╚════════════════════════════════════════════════════════════════╝
    
    ╚════════════════════════════════════════════════════════════════╝
    
    ╚════════════════════════════════════════════════════════════════╝
    
[2026-02-12 15:42:32] churn_pipeline - ERROR - Prediction failed: 
    ╔════════════════════════════════════════════════════════════════╗
    ║                   CUSTOM EXCEPTION RAISED                      ║
    ╠════════════════════════════════════════════════════════════════╣
    ║ Error occurred in: /Users/admin/Desktop/Banking Customer Churn/src/models/predict.py
    ║ Line number: 243
    ║ Error message: 
    ╔════════════════════════════════════════════════════════════════╗
    ║                   CUSTOM EXCEPTION RAISED                      ║
    ╠════════════════════════════════════════════════════════════════╣
    ║ Error occurred in: /Users/admin/Desktop/Banking Customer Churn/src/models/predict.py
    ║ Line number: 201
    ║ Error message: 
    ╔════════════════════════════════════════════════════════════════╗
    ║                   CUSTOM EXCEPTION RAISED                      ║
    ╠════════════════════════════════════════════════════════════════╣
    ║ Error occurred in: /Users/admin/Desktop/Banking Customer Churn/src/models/predict.py
    ║ Line number: 159
    ║ Error message: y contains previously unseen labels: 'string'
    ╚════════════════════════════════════════════════════════════════╝
    
    ╚════════════════════════════════════════════════════════════════╝
    
    ╚════════════════════════════════════════════════════════════════╝
    
[2026-02-12 15:42:33] churn_pipeline - INFO - Received prediction request for customer: {'CreditScore': 300, 'Geography': 'string', 'Gender': 'string', 'Age': 18, 'Tenure': 10, 'Balance': 0.0, 'NumOfProducts': 1, 'HasCrCard': 1, 'IsActiveMember': 1, 'EstimatedSalary': 0.0}
[2026-02-12 15:42:33] churn_pipeline - INFO - Making prediction...
[2026-02-12 15:42:33] churn_pipeline - INFO - Preprocessing input data...
[2026-02-12 15:42:33] churn_pipeline - INFO - Input shape: (1, 10)
[2026-02-12 15:42:33] churn_pipeline - ERROR - Failed to preprocess input data
[2026-02-12 15:42:33] churn_pipeline - ERROR - 
    ╔════════════════════════════════════════════════════════════════╗
    ║                   CUSTOM EXCEPTION RAISED                      ║
    ╠════════════════════════════════════════════════════════════════╣
    ║ Error occurred in: /Users/admin/Desktop/Banking Customer Churn/src/models/predict.py
    ║ Line number: 159
    ║ Error message: y contains previously unseen labels: 'string'
    ╚════════════════════════════════════════════════════════════════╝
    
[2026-02-12 15:42:33] churn_pipeline - ERROR - Prediction failed
[2026-02-12 15:42:33] churn_pipeline - ERROR - 
    ╔════════════════════════════════════════════════════════════════╗
    ║                   CUSTOM EXCEPTION RAISED                      ║
    ╠════════════════════════════════════════════════════════════════╣
    ║ Error occurred in: /Users/admin/Desktop/Banking Customer Churn/src/models/predict.py
    ║ Line number: 201
    ║ Error message: 
    ╔════════════════════════════════════════════════════════════════╗
    ║                   CUSTOM EXCEPTION RAISED                      ║
    ╠════════════════════════════════════════════════════════════════╣
    ║ Error occurred in: /Users/admin/Desktop/Banking Customer Churn/src/models/predict.py
    ║ Line number: 159
    ║ Error message: y contains previously unseen labels: 'string'
    ╚════════════════════════════════════════════════════════════════╝
    
    ╚════════════════════════════════════════════════════════════════╝
    
[2026-02-12 15:42:33] churn_pipeline - ERROR - Single prediction failed
[2026-02-12 15:42:33] churn_pipeline - ERROR - 
    ╔════════════════════════════════════════════════════════════════╗
    ║                   CUSTOM EXCEPTION RAISED                      ║
    ╠════════════════════════════════════════════════════════════════╣
    ║ Error occurred in: /Users/admin/Desktop/Banking Customer Churn/src/models/predict.py
    ║ Line number: 243
    ║ Error message: 
    ╔════════════════════════════════════════════════════════════════╗
    ║                   CUSTOM EXCEPTION RAISED                      ║
    ╠════════════════════════════════════════════════════════════════╣
    ║ Error occurred in: /Users/admin/Desktop/Banking Customer Churn/src/models/predict.py
    ║ Line number: 201
    ║ Error message: 
    ╔════════════════════════════════════════════════════════════════╗
    ║                   CUSTOM EXCEPTION RAISED                      ║
    ╠════════════════════════════════════════════════════════════════╣
    ║ Error occurred in: /Users/admin/Desktop/Banking Customer Churn/src/models/predict.py
    ║ Line number: 159
    ║ Error message: y contains previously unseen labels: 'string'
    ╚════════════════════════════════════════════════════════════════╝
    
    ╚════════════════════════════════════════════════════════════════╝
    
    ╚════════════════════════════════════════════════════════════════╝
    
[2026-02-12 15:42:33] churn_pipeline - ERROR - Prediction failed: 
    ╔════════════════════════════════════════════════════════════════╗
    ║                   CUSTOM EXCEPTION RAISED                      ║
    ╠════════════════════════════════════════════════════════════════╣
    ║ Error occurred in: /Users/admin/Desktop/Banking Customer Churn/src/models/predict.py
    ║ Line number: 243
    ║ Error message: 
    ╔════════════════════════════════════════════════════════════════╗
    ║                   CUSTOM EXCEPTION RAISED                      ║
    ╠════════════════════════════════════════════════════════════════╣
    ║ Error occurred in: /Users/admin/Desktop/Banking Customer Churn/src/models/predict.py
    ║ Line number: 201
    ║ Error message: 
    ╔════════════════════════════════════════════════════════════════╗
    ║                   CUSTOM EXCEPTION RAISED                      ║
    ╠════════════════════════════════════════════════════════════════╣
    ║ Error occurred in: /Users/admin/Desktop/Banking Customer Churn/src/models/predict.py
    ║ Line number: 159
    ║ Error message: y contains previously unseen labels: 'string'
    ╚════════════════════════════════════════════════════════════════╝
    
    ╚════════════════════════════════════════════════════════════════╝
    
    ╚════════════════════════════════════════════════════════════════╝
    
[2026-02-12 15:42:34] churn_pipeline - INFO - Received prediction request for customer: {'CreditScore': 300, 'Geography': 'string', 'Gender': 'string', 'Age': 18, 'Tenure': 10, 'Balance': 0.0, 'NumOfProducts': 1, 'HasCrCard': 1, 'IsActiveMember': 1, 'EstimatedSalary': 0.0}
[2026-02-12 15:42:34] churn_pipeline - INFO - Making prediction...
[2026-02-12 15:42:34] churn_pipeline - INFO - Preprocessing input data...
[2026-02-12 15:42:34] churn_pipeline - INFO - Input shape: (1, 10)
[2026-02-12 15:42:34] churn_pipeline - ERROR - Failed to preprocess input data
[2026-02-12 15:42:34] churn_pipeline - ERROR - 
    ╔════════════════════════════════════════════════════════════════╗
    ║                   CUSTOM EXCEPTION RAISED                      ║
    ╠════════════════════════════════════════════════════════════════╣
    ║ Error occurred in: /Users/admin/Desktop/Banking Customer Churn/src/models/predict.py
    ║ Line number: 159
    ║ Error message: y contains previously unseen labels: 'string'
    ╚════════════════════════════════════════════════════════════════╝
    
[2026-02-12 15:42:34] churn_pipeline - ERROR - Prediction failed
[2026-02-12 15:42:34] churn_pipeline - ERROR - 
    ╔════════════════════════════════════════════════════════════════╗
    ║                   CUSTOM EXCEPTION RAISED                      ║
    ╠════════════════════════════════════════════════════════════════╣
    ║ Error occurred in: /Users/admin/Desktop/Banking Customer Churn/src/models/predict.py
    ║ Line number: 201
    ║ Error message: 
    ╔════════════════════════════════════════════════════════════════╗
    ║                   CUSTOM EXCEPTION RAISED                      ║
    ╠════════════════════════════════════════════════════════════════╣
    ║ Error occurred in: /Users/admin/Desktop/Banking Customer Churn/src/models/predict.py
    ║ Line number: 159
    ║ Error message: y contains previously unseen labels: 'string'
    ╚════════════════════════════════════════════════════════════════╝
    
    ╚════════════════════════════════════════════════════════════════╝
    
[2026-02-12 15:42:34] churn_pipeline - ERROR - Single prediction failed
[2026-02-12 15:42:34] churn_pipeline - ERROR - 
    ╔════════════════════════════════════════════════════════════════╗
    ║                   CUSTOM EXCEPTION RAISED                      ║
    ╠════════════════════════════════════════════════════════════════╣
    ║ Error occurred in: /Users/admin/Desktop/Banking Customer Churn/src/models/predict.py
    ║ Line number: 243
    ║ Error message: 
    ╔════════════════════════════════════════════════════════════════╗
    ║                   CUSTOM EXCEPTION RAISED                      ║
    ╠════════════════════════════════════════════════════════════════╣
    ║ Error occurred in: /Users/admin/Desktop/Banking Customer Churn/src/models/predict.py
    ║ Line number: 201
    ║ Error message: 
    ╔════════════════════════════════════════════════════════════════╗
    ║                   CUSTOM EXCEPTION RAISED                      ║
    ╠════════════════════════════════════════════════════════════════╣
    ║ Error occurred in: /Users/admin/Desktop/Banking Customer Churn/src/models/predict.py
    ║ Line number: 159
    ║ Error message: y contains previously unseen labels: 'string'
    ╚════════════════════════════════════════════════════════════════╝
    
    ╚════════════════════════════════════════════════════════════════╝
    
    ╚════════════════════════════════════════════════════════════════╝
    
[2026-02-12 15:42:34] churn_pipeline - ERROR - Prediction failed: 
    ╔════════════════════════════════════════════════════════════════╗
    ║                   CUSTOM EXCEPTION RAISED                      ║
    ╠════════════════════════════════════════════════════════════════╣
    ║ Error occurred in: /Users/admin/Desktop/Banking Customer Churn/src/models/predict.py
    ║ Line number: 243
    ║ Error message: 
    ╔════════════════════════════════════════════════════════════════╗
    ║                   CUSTOM EXCEPTION RAISED                      ║
    ╠════════════════════════════════════════════════════════════════╣
    ║ Error occurred in: /Users/admin/Desktop/Banking Customer Churn/src/models/predict.py
    ║ Line number: 201
    ║ Error message: 
    ╔════════════════════════════════════════════════════════════════╗
    ║                   CUSTOM EXCEPTION RAISED                      ║
    ╠════════════════════════════════════════════════════════════════╣
    ║ Error occurred in: /Users/admin/Desktop/Banking Customer Churn/src/models/predict.py
    ║ Line number: 159
    ║ Error message: y contains previously unseen labels: 'string'
    ╚════════════════════════════════════════════════════════════════╝
    
    ╚════════════════════════════════════════════════════════════════╝
    
    ╚════════════════════════════════════════════════════════════════╝
    
[2026-02-12 15:42:34] churn_pipeline - INFO - Received prediction request for customer: {'CreditScore': 300, 'Geography': 'string', 'Gender': 'string', 'Age': 18, 'Tenure': 10, 'Balance': 0.0, 'NumOfProducts': 1, 'HasCrCard': 1, 'IsActiveMember': 1, 'EstimatedSalary': 0.0}
[2026-02-12 15:42:34] churn_pipeline - INFO - Making prediction...
[2026-02-12 15:42:34] churn_pipeline - INFO - Preprocessing input data...
[2026-02-12 15:42:34] churn_pipeline - INFO - Input shape: (1, 10)
[2026-02-12 15:42:34] churn_pipeline - ERROR - Failed to preprocess input data
[2026-02-12 15:42:34] churn_pipeline - ERROR - 
    ╔════════════════════════════════════════════════════════════════╗
    ║                   CUSTOM EXCEPTION RAISED                      ║
    ╠════════════════════════════════════════════════════════════════╣
    ║ Error occurred in: /Users/admin/Desktop/Banking Customer Churn/src/models/predict.py
    ║ Line number: 159
    ║ Error message: y contains previously unseen labels: 'string'
    ╚════════════════════════════════════════════════════════════════╝
    
[2026-02-12 15:42:34] churn_pipeline - ERROR - Prediction failed
[2026-02-12 15:42:34] churn_pipeline - ERROR - 
    ╔════════════════════════════════════════════════════════════════╗
    ║                   CUSTOM EXCEPTION RAISED                      ║
    ╠════════════════════════════════════════════════════════════════╣
    ║ Error occurred in: /Users/admin/Desktop/Banking Customer Churn/src/models/predict.py
    ║ Line number: 201
    ║ Error message: 
    ╔════════════════════════════════════════════════════════════════╗
    ║                   CUSTOM EXCEPTION RAISED                      ║
    ╠════════════════════════════════════════════════════════════════╣
    ║ Error occurred in: /Users/admin/Desktop/Banking Customer Churn/src/models/predict.py
    ║ Line number: 159
    ║ Error message: y contains previously unseen labels: 'string'
    ╚════════════════════════════════════════════════════════════════╝
    
    ╚════════════════════════════════════════════════════════════════╝
    
[2026-02-12 15:42:34] churn_pipeline - ERROR - Single prediction failed
[2026-02-12 15:42:34] churn_pipeline - ERROR - 
    ╔════════════════════════════════════════════════════════════════╗
    ║                   CUSTOM EXCEPTION RAISED                      ║
    ╠════════════════════════════════════════════════════════════════╣
    ║ Error occurred in: /Users/admin/Desktop/Banking Customer Churn/src/models/predict.py
    ║ Line number: 243
    ║ Error message: 
    ╔════════════════════════════════════════════════════════════════╗
    ║                   CUSTOM EXCEPTION RAISED                      ║
    ╠════════════════════════════════════════════════════════════════╣
    ║ Error occurred in: /Users/admin/Desktop/Banking Customer Churn/src/models/predict.py
    ║ Line number: 201
    ║ Error message: 
    ╔════════════════════════════════════════════════════════════════╗
    ║                   CUSTOM EXCEPTION RAISED                      ║
    ╠════════════════════════════════════════════════════════════════╣
    ║ Error occurred in: /Users/admin/Desktop/Banking Customer Churn/src/models/predict.py
    ║ Line number: 159
    ║ Error message: y contains previously unseen labels: 'string'
    ╚════════════════════════════════════════════════════════════════╝
    
    ╚════════════════════════════════════════════════════════════════╝
    
    ╚════════════════════════════════════════════════════════════════╝
    
[2026-02-12 15:42:34] churn_pipeline - ERROR - Prediction failed: 
    ╔════════════════════════════════════════════════════════════════╗
    ║                   CUSTOM EXCEPTION RAISED                      ║
    ╠════════════════════════════════════════════════════════════════╣
    ║ Error occurred in: /Users/admin/Desktop/Banking Customer Churn/src/models/predict.py
    ║ Line number: 243
    ║ Error message: 
    ╔════════════════════════════════════════════════════════════════╗
    ║                   CUSTOM EXCEPTION RAISED                      ║
    ╠════════════════════════════════════════════════════════════════╣
    ║ Error occurred in: /Users/admin/Desktop/Banking Customer Churn/src/models/predict.py
    ║ Line number: 201
    ║ Error message: 
    ╔════════════════════════════════════════════════════════════════╗
    ║                   CUSTOM EXCEPTION RAISED                      ║
    ╠════════════════════════════════════════════════════════════════╣
    ║ Error occurred in: /Users/admin/Desktop/Banking Customer Churn/src/models/predict.py
    ║ Line number: 159
    ║ Error message: y contains previously unseen labels: 'string'
    ╚════════════════════════════════════════════════════════════════╝
    
    ╚════════════════════════════════════════════════════════════════╝
    
    ╚════════════════════════════════════════════════════════════════╝
    
[2026-02-12 15:42:34] churn_pipeline - INFO - Received prediction request for customer: {'CreditScore': 300, 'Geography': 'string', 'Gender': 'string', 'Age': 18, 'Tenure': 10, 'Balance': 0.0, 'NumOfProducts': 1, 'HasCrCard': 1, 'IsActiveMember': 1, 'EstimatedSalary': 0.0}
[2026-02-12 15:42:34] churn_pipeline - INFO - Making prediction...
[2026-02-12 15:42:34] churn_pipeline - INFO - Preprocessing input data...
[2026-02-12 15:42:34] churn_pipeline - INFO - Input shape: (1, 10)
[2026-02-12 15:42:34] churn_pipeline - ERROR - Failed to preprocess input data
[2026-02-12 15:42:34] churn_pipeline - ERROR - 
    ╔════════════════════════════════════════════════════════════════╗
    ║                   CUSTOM EXCEPTION RAISED                      ║
    ╠════════════════════════════════════════════════════════════════╣
    ║ Error occurred in: /Users/admin/Desktop/Banking Customer Churn/src/models/predict.py
    ║ Line number: 159
    ║ Error message: y contains previously unseen labels: 'string'
    ╚════════════════════════════════════════════════════════════════╝
    
[2026-02-12 15:42:34] churn_pipeline - ERROR - Prediction failed
[2026-02-12 15:42:34] churn_pipeline - ERROR - 
    ╔════════════════════════════════════════════════════════════════╗
    ║                   CUSTOM EXCEPTION RAISED                      ║
    ╠════════════════════════════════════════════════════════════════╣
    ║ Error occurred in: /Users/admin/Desktop/Banking Customer Churn/src/models/predict.py
    ║ Line number: 201
    ║ Error message: 
    ╔════════════════════════════════════════════════════════════════╗
    ║                   CUSTOM EXCEPTION RAISED                      ║
    ╠════════════════════════════════════════════════════════════════╣
    ║ Error occurred in: /Users/admin/Desktop/Banking Customer Churn/src/models/predict.py
    ║ Line number: 159
    ║ Error message: y contains previously unseen labels: 'string'
    ╚════════════════════════════════════════════════════════════════╝
    
    ╚════════════════════════════════════════════════════════════════╝
    
[2026-02-12 15:42:34] churn_pipeline - ERROR - Single prediction failed
[2026-02-12 15:42:34] churn_pipeline - ERROR - 
    ╔════════════════════════════════════════════════════════════════╗
    ║                   CUSTOM EXCEPTION RAISED                      ║
    ╠════════════════════════════════════════════════════════════════╣
    ║ Error occurred in: /Users/admin/Desktop/Banking Customer Churn/src/models/predict.py
    ║ Line number: 243
    ║ Error message: 
    ╔════════════════════════════════════════════════════════════════╗
    ║                   CUSTOM EXCEPTION RAISED                      ║
    ╠════════════════════════════════════════════════════════════════╣
    ║ Error occurred in: /Users/admin/Desktop/Banking Customer Churn/src/models/predict.py
    ║ Line number: 201
    ║ Error message: 
    ╔════════════════════════════════════════════════════════════════╗
    ║                   CUSTOM EXCEPTION RAISED                      ║
    ╠════════════════════════════════════════════════════════════════╣
    ║ Error occurred in: /Users/admin/Desktop/Banking Customer Churn/src/models/predict.py
    ║ Line number: 159
    ║ Error message: y contains previously unseen labels: 'string'
    ╚════════════════════════════════════════════════════════════════╝
    
    ╚════════════════════════════════════════════════════════════════╝
    
    ╚════════════════════════════════════════════════════════════════╝
    
[2026-02-12 15:42:34] churn_pipeline - ERROR - Prediction failed: 
    ╔════════════════════════════════════════════════════════════════╗
    ║                   CUSTOM EXCEPTION RAISED                      ║
    ╠════════════════════════════════════════════════════════════════╣
    ║ Error occurred in: /Users/admin/Desktop/Banking Customer Churn/src/models/predict.py
    ║ Line number: 243
    ║ Error message: 
    ╔════════════════════════════════════════════════════════════════╗
    ║                   CUSTOM EXCEPTION RAISED                      ║
    ╠════════════════════════════════════════════════════════════════╣
    ║ Error occurred in: /Users/admin/Desktop/Banking Customer Churn/src/models/predict.py
    ║ Line number: 201
    ║ Error message: 
    ╔════════════════════════════════════════════════════════════════╗
    ║                   CUSTOM EXCEPTION RAISED                      ║
    ╠════════════════════════════════════════════════════════════════╣
    ║ Error occurred in: /Users/admin/Desktop/Banking Customer Churn/src/models/predict.py
    ║ Line number: 159
    ║ Error message: y contains previously unseen labels: 'string'
    ╚════════════════════════════════════════════════════════════════╝
    
    ╚════════════════════════════════════════════════════════════════╝
    
    ╚════════════════════════════════════════════════════════════════╝
    
[2026-02-12 15:43:08] churn_pipeline - INFO - Making prediction...
[2026-02-12 15:43:08] churn_pipeline - INFO - Preprocessing input data...
[2026-02-12 15:43:08] churn_pipeline - INFO - Input shape: (1, 10)
[2026-02-12 15:43:08] churn_pipeline - ERROR - Failed to preprocess input data
[2026-02-12 15:43:08] churn_pipeline - ERROR - 
    ╔════════════════════════════════════════════════════════════════╗
    ║                   CUSTOM EXCEPTION RAISED                      ║
    ╠════════════════════════════════════════════════════════════════╣
    ║ Error occurred in: /Users/admin/Desktop/Banking Customer Churn/src/models/predict.py
    ║ Line number: 159
    ║ Error message: y contains previously unseen labels: 'string'
    ╚════════════════════════════════════════════════════════════════╝
    
[2026-02-12 15:43:08] churn_pipeline - ERROR - Prediction failed
[2026-02-12 15:43:08] churn_pipeline - ERROR - 
    ╔════════════════════════════════════════════════════════════════╗
    ║                   CUSTOM EXCEPTION RAISED                      ║
    ╠════════════════════════════════════════════════════════════════╣
    ║ Error occurred in: /Users/admin/Desktop/Banking Customer Churn/src/models/predict.py
    ║ Line number: 201
    ║ Error message: 
    ╔════════════════════════════════════════════════════════════════╗
    ║                   CUSTOM EXCEPTION RAISED                      ║
    ╠════════════════════════════════════════════════════════════════╣
    ║ Error occurred in: /Users/admin/Desktop/Banking Customer Churn/src/models/predict.py
    ║ Line number: 159
    ║ Error message: y contains previously unseen labels: 'string'
    ╚════════════════════════════════════════════════════════════════╝
    
    ╚════════════════════════════════════════════════════════════════╝
    
[2026-02-12 15:43:08] churn_pipeline - ERROR - Single prediction failed
[2026-02-12 15:43:08] churn_pipeline - ERROR - 
    ╔════════════════════════════════════════════════════════════════╗
    ║                   CUSTOM EXCEPTION RAISED                      ║
    ╠════════════════════════════════════════════════════════════════╣
    ║ Error occurred in: /Users/admin/Desktop/Banking Customer Churn/src/models/predict.py
    ║ Line number: 243
    ║ Error message: 
    ╔════════════════════════════════════════════════════════════════╗
    ║                   CUSTOM EXCEPTION RAISED                      ║
    ╠════════════════════════════════════════════════════════════════╣
    ║ Error occurred in: /Users/admin/Desktop/Banking Customer Churn/src/models/predict.py
    ║ Line number: 201
    ║ Error message: 
    ╔════════════════════════════════════════════════════════════════╗
    ║                   CUSTOM EXCEPTION RAISED                      ║
    ╠════════════════════════════════════════════════════════════════╣
    ║ Error occurred in: /Users/admin/Desktop/Banking Customer Churn/src/models/predict.py
    ║ Line number: 159
    ║ Error message: y contains previously unseen labels: 'string'
    ╚════════════════════════════════════════════════════════════════╝
    
    ╚════════════════════════════════════════════════════════════════╝
    
    ╚════════════════════════════════════════════════════════════════╝
    
[2026-02-12 15:43:08] churn_pipeline - ERROR - Batch prediction failed: 
    ╔════════════════════════════════════════════════════════════════╗
    ║                   CUSTOM EXCEPTION RAISED                      ║
    ╠════════════════════════════════════════════════════════════════╣
    ║ Error occurred in: /Users/admin/Desktop/Banking Customer Churn/src/models/predict.py
    ║ Line number: 243
    ║ Error message: 
    ╔════════════════════════════════════════════════════════════════╗
    ║                   CUSTOM EXCEPTION RAISED                      ║
    ╠════════════════════════════════════════════════════════════════╣
    ║ Error occurred in: /Users/admin/Desktop/Banking Customer Churn/src/models/predict.py
    ║ Line number: 201
    ║ Error message: 
    ╔════════════════════════════════════════════════════════════════╗
    ║                   CUSTOM EXCEPTION RAISED                      ║
    ╠════════════════════════════════════════════════════════════════╣
    ║ Error occurred in: /Users/admin/Desktop/Banking Customer Churn/src/models/predict.py
    ║ Line number: 159
    ║ Error message: y contains previously unseen labels: 'string'
    ╚════════════════════════════════════════════════════════════════╝
    
    ╚════════════════════════════════════════════════════════════════╝
    
    ╚════════════════════════════════════════════════════════════════╝
    
[2026-02-12 15:43:09] churn_pipeline - INFO - Making prediction...
[2026-02-12 15:43:09] churn_pipeline - INFO - Preprocessing input data...
[2026-02-12 15:43:09] churn_pipeline - INFO - Input shape: (1, 10)
[2026-02-12 15:43:09] churn_pipeline - ERROR - Failed to preprocess input data
[2026-02-12 15:43:09] churn_pipeline - ERROR - 
    ╔════════════════════════════════════════════════════════════════╗
    ║                   CUSTOM EXCEPTION RAISED                      ║
    ╠════════════════════════════════════════════════════════════════╣
    ║ Error occurred in: /Users/admin/Desktop/Banking Customer Churn/src/models/predict.py
    ║ Line number: 159
    ║ Error message: y contains previously unseen labels: 'string'
    ╚════════════════════════════════════════════════════════════════╝
    
[2026-02-12 15:43:09] churn_pipeline - ERROR - Prediction failed
[2026-02-12 15:43:09] churn_pipeline - ERROR - 
    ╔════════════════════════════════════════════════════════════════╗
    ║                   CUSTOM EXCEPTION RAISED                      ║
    ╠════════════════════════════════════════════════════════════════╣
    ║ Error occurred in: /Users/admin/Desktop/Banking Customer Churn/src/models/predict.py
    ║ Line number: 201
    ║ Error message: 
    ╔════════════════════════════════════════════════════════════════╗
    ║                   CUSTOM EXCEPTION RAISED                      ║
    ╠════════════════════════════════════════════════════════════════╣
    ║ Error occurred in: /Users/admin/Desktop/Banking Customer Churn/src/models/predict.py
    ║ Line number: 159
    ║ Error message: y contains previously unseen labels: 'string'
    ╚════════════════════════════════════════════════════════════════╝
    
    ╚════════════════════════════════════════════════════════════════╝
    
[2026-02-12 15:43:09] churn_pipeline - ERROR - Single prediction failed
[2026-02-12 15:43:09] churn_pipeline - ERROR - 
    ╔════════════════════════════════════════════════════════════════╗
    ║                   CUSTOM EXCEPTION RAISED                      ║
    ╠════════════════════════════════════════════════════════════════╣
    ║ Error occurred in: /Users/admin/Desktop/Banking Customer Churn/src/models/predict.py
    ║ Line number: 243
    ║ Error message: 
    ╔════════════════════════════════════════════════════════════════╗
    ║                   CUSTOM EXCEPTION RAISED                      ║
    ╠════════════════════════════════════════════════════════════════╣
    ║ Error occurred in: /Users/admin/Desktop/Banking Customer Churn/src/models/predict.py
    ║ Line number: 201
    ║ Error message: 
    ╔════════════════════════════════════════════════════════════════╗
    ║                   CUSTOM EXCEPTION RAISED                      ║
    ╠════════════════════════════════════════════════════════════════╣
    ║ Error occurred in: /Users/admin/Desktop/Banking Customer Churn/src/models/predict.py
    ║ Line number: 159
    ║ Error message: y contains previously unseen labels: 'string'
    ╚════════════════════════════════════════════════════════════════╝
    
    ╚════════════════════════════════════════════════════════════════╝
    
    ╚════════════════════════════════════════════════════════════════╝
    
[2026-02-12 15:43:09] churn_pipeline - ERROR - Batch prediction failed: 
    ╔════════════════════════════════════════════════════════════════╗
    ║                   CUSTOM EXCEPTION RAISED                      ║
    ╠════════════════════════════════════════════════════════════════╣
    ║ Error occurred in: /Users/admin/Desktop/Banking Customer Churn/src/models/predict.py
    ║ Line number: 243
    ║ Error message: 
    ╔════════════════════════════════════════════════════════════════╗
    ║                   CUSTOM EXCEPTION RAISED                      ║
    ╠════════════════════════════════════════════════════════════════╣
    ║ Error occurred in: /Users/admin/Desktop/Banking Customer Churn/src/models/predict.py
    ║ Line number: 201
    ║ Error message: 
    ╔════════════════════════════════════════════════════════════════╗
    ║                   CUSTOM EXCEPTION RAISED                      ║
    ╠════════════════════════════════════════════════════════════════╣
    ║ Error occurred in: /Users/admin/Desktop/Banking Customer Churn/src/models/predict.py
    ║ Line number: 159
    ║ Error message: y contains previously unseen labels: 'string'
    ╚════════════════════════════════════════════════════════════════╝
    
    ╚════════════════════════════════════════════════════════════════╝
    
    ╚════════════════════════════════════════════════════════════════╝
    
