[2026-02-12 15:10:28] churn_pipeline - INFO - ================================================================================
[2026-02-12 15:10:28] churn_pipeline - INFO - Banking Customer Churn Prediction Pipeline - Logging Initialized
[2026-02-12 15:10:28] churn_pipeline - INFO - Log file: logs/churn_pipeline_20260212_151028.log
[2026-02-12 15:10:28] churn_pipeline - INFO - ================================================================================
[2026-02-12 15:10:28] churn_pipeline - INFO - ModelTrainer initialized (random_state=42)
[2026-02-12 15:10:28] churn_pipeline - INFO - Number of models to train: 8
[2026-02-12 15:10:28] churn_pipeline - INFO - ================================================================================
[2026-02-12 15:10:28] churn_pipeline - INFO - STARTING MODEL TRAINING PIPELINE
[2026-02-12 15:10:28] churn_pipeline - INFO - ================================================================================
[2026-02-12 15:10:28] churn_pipeline - INFO - Loading feature-engineered data...
[2026-02-12 15:10:28] churn_pipeline - INFO - ✓ X_train loaded: (8000, 10)
[2026-02-12 15:10:28] churn_pipeline - INFO - ✓ X_test loaded: (2000, 10)
[2026-02-12 15:10:28] churn_pipeline - INFO - ✓ y_train loaded: (8000,)
[2026-02-12 15:10:28] churn_pipeline - INFO - ✓ y_test loaded: (2000,)
[2026-02-12 15:10:28] churn_pipeline - INFO - 
Training 8 classification models...
[2026-02-12 15:10:28] churn_pipeline - INFO - --------------------------------------------------------------------------------
[2026-02-12 15:10:28] churn_pipeline - INFO - Training Logistic_Regression...
[2026-02-12 15:10:28] churn_pipeline - INFO - ✓ Logistic_Regression training complete
[2026-02-12 15:10:28] churn_pipeline - INFO - ✓ Logistic_Regression saved to artifacts/models/Logistic_Regression.pkl
[2026-02-12 15:10:28] churn_pipeline - INFO - Training Random_Forest...
[2026-02-12 15:10:29] churn_pipeline - INFO - ✓ Random_Forest training complete
[2026-02-12 15:10:29] churn_pipeline - INFO - ✓ Random_Forest saved to artifacts/models/Random_Forest.pkl
[2026-02-12 15:10:29] churn_pipeline - INFO - Training Gradient_Boosting...
[2026-02-12 15:10:29] churn_pipeline - INFO - ✓ Gradient_Boosting training complete
[2026-02-12 15:10:29] churn_pipeline - INFO - ✓ Gradient_Boosting saved to artifacts/models/Gradient_Boosting.pkl
[2026-02-12 15:10:29] churn_pipeline - INFO - Training XGBoost...
[2026-02-12 15:10:30] churn_pipeline - INFO - ✓ XGBoost training complete
[2026-02-12 15:10:30] churn_pipeline - INFO - ✓ XGBoost saved to artifacts/models/XGBoost.pkl
[2026-02-12 15:10:30] churn_pipeline - INFO - Training CatBoost...
[2026-02-12 15:10:31] churn_pipeline - INFO - ✓ CatBoost training complete
[2026-02-12 15:10:31] churn_pipeline - INFO - ✓ CatBoost saved to artifacts/models/CatBoost.pkl
[2026-02-12 15:10:31] churn_pipeline - INFO - Training KNeighbors...
[2026-02-12 15:10:31] churn_pipeline - INFO - ✓ KNeighbors training complete
[2026-02-12 15:10:31] churn_pipeline - INFO - ✓ KNeighbors saved to artifacts/models/KNeighbors.pkl
[2026-02-12 15:10:31] churn_pipeline - INFO - Training Decision_Tree...
[2026-02-12 15:10:31] churn_pipeline - INFO - ✓ Decision_Tree training complete
[2026-02-12 15:10:31] churn_pipeline - INFO - ✓ Decision_Tree saved to artifacts/models/Decision_Tree.pkl
[2026-02-12 15:10:31] churn_pipeline - INFO - Training AdaBoost...
[2026-02-12 15:10:32] churn_pipeline - INFO - ✓ AdaBoost training complete
[2026-02-12 15:10:32] churn_pipeline - INFO - ✓ AdaBoost saved to artifacts/models/AdaBoost.pkl
[2026-02-12 15:10:32] churn_pipeline - INFO - ================================================================================
[2026-02-12 15:10:32] churn_pipeline - INFO - ✅ MODEL TRAINING COMPLETED SUCCESSFULLY
[2026-02-12 15:10:32] churn_pipeline - INFO - ✅ 8 models trained and saved
[2026-02-12 15:10:32] churn_pipeline - INFO - ================================================================================
[2026-02-12 15:10:32] churn_pipeline - INFO - ModelEvaluator initialized
[2026-02-12 15:10:32] churn_pipeline - INFO - ================================================================================
[2026-02-12 15:10:32] churn_pipeline - INFO - STARTING MODEL EVALUATION PIPELINE
[2026-02-12 15:10:32] churn_pipeline - INFO - ================================================================================
[2026-02-12 15:10:32] churn_pipeline - INFO - Loading test data...
[2026-02-12 15:10:32] churn_pipeline - INFO - ✓ Test data loaded: X_test (2000, 10), y_test (2000,)
[2026-02-12 15:10:32] churn_pipeline - INFO - 
Found 8 trained models
[2026-02-12 15:10:32] churn_pipeline - INFO - --------------------------------------------------------------------------------
[2026-02-12 15:10:32] churn_pipeline - INFO - ✓ Loaded model: XGBoost
[2026-02-12 15:10:32] churn_pipeline - INFO - Evaluating XGBoost...
[2026-02-12 15:10:32] churn_pipeline - INFO - ✓ XGBoost evaluation complete
[2026-02-12 15:10:32] churn_pipeline - INFO -   Accuracy: 0.8470
[2026-02-12 15:10:32] churn_pipeline - INFO -   Precision: 0.6784
[2026-02-12 15:10:32] churn_pipeline - INFO -   Recall: 0.4717
[2026-02-12 15:10:32] churn_pipeline - INFO -   F1 Score: 0.5565
[2026-02-12 15:10:32] churn_pipeline - INFO -   ROC-AUC: 0.8330
[2026-02-12 15:10:32] churn_pipeline - INFO - --------------------------------------------------------------------------------
[2026-02-12 15:10:32] churn_pipeline - INFO - ✓ Loaded model: KNeighbors
[2026-02-12 15:10:32] churn_pipeline - INFO - Evaluating KNeighbors...
[2026-02-12 15:10:32] churn_pipeline - INFO - ✓ KNeighbors evaluation complete
[2026-02-12 15:10:32] churn_pipeline - INFO -   Accuracy: 0.8350
[2026-02-12 15:10:32] churn_pipeline - INFO -   Precision: 0.6624
[2026-02-12 15:10:32] churn_pipeline - INFO -   Recall: 0.3857
[2026-02-12 15:10:32] churn_pipeline - INFO -   F1 Score: 0.4876
[2026-02-12 15:10:32] churn_pipeline - INFO -   ROC-AUC: 0.7724
[2026-02-12 15:10:32] churn_pipeline - INFO - --------------------------------------------------------------------------------
[2026-02-12 15:10:32] churn_pipeline - INFO - ✓ Loaded model: CatBoost
[2026-02-12 15:10:32] churn_pipeline - INFO - Evaluating CatBoost...
[2026-02-12 15:10:32] churn_pipeline - INFO - ✓ CatBoost evaluation complete
[2026-02-12 15:10:32] churn_pipeline - INFO -   Accuracy: 0.8645
[2026-02-12 15:10:32] churn_pipeline - INFO -   Precision: 0.7787
[2026-02-12 15:10:32] churn_pipeline - INFO -   Recall: 0.4668
[2026-02-12 15:10:32] churn_pipeline - INFO -   F1 Score: 0.5837
[2026-02-12 15:10:32] churn_pipeline - INFO -   ROC-AUC: 0.8581
[2026-02-12 15:10:32] churn_pipeline - INFO - --------------------------------------------------------------------------------
[2026-02-12 15:10:32] churn_pipeline - INFO - ✓ Loaded model: Decision_Tree
[2026-02-12 15:10:32] churn_pipeline - INFO - Evaluating Decision_Tree...
[2026-02-12 15:10:32] churn_pipeline - INFO - ✓ Decision_Tree evaluation complete
[2026-02-12 15:10:32] churn_pipeline - INFO -   Accuracy: 0.7755
[2026-02-12 15:10:32] churn_pipeline - INFO -   Precision: 0.4512
[2026-02-12 15:10:32] churn_pipeline - INFO -   Recall: 0.4767
[2026-02-12 15:10:32] churn_pipeline - INFO -   F1 Score: 0.4636
[2026-02-12 15:10:32] churn_pipeline - INFO -   ROC-AUC: 0.6643
[2026-02-12 15:10:32] churn_pipeline - INFO - --------------------------------------------------------------------------------
[2026-02-12 15:10:32] churn_pipeline - INFO - ✓ Loaded model: Gradient_Boosting
[2026-02-12 15:10:32] churn_pipeline - INFO - Evaluating Gradient_Boosting...
[2026-02-12 15:10:32] churn_pipeline - INFO - ✓ Gradient_Boosting evaluation complete
[2026-02-12 15:10:32] churn_pipeline - INFO -   Accuracy: 0.8675
[2026-02-12 15:10:32] churn_pipeline - INFO -   Precision: 0.7886
[2026-02-12 15:10:32] churn_pipeline - INFO -   Recall: 0.4767
[2026-02-12 15:10:32] churn_pipeline - INFO -   F1 Score: 0.5942
[2026-02-12 15:10:32] churn_pipeline - INFO -   ROC-AUC: 0.8673
[2026-02-12 15:10:32] churn_pipeline - INFO - --------------------------------------------------------------------------------
[2026-02-12 15:10:32] churn_pipeline - INFO - ✓ Loaded model: Logistic_Regression
[2026-02-12 15:10:32] churn_pipeline - INFO - Evaluating Logistic_Regression...
[2026-02-12 15:10:32] churn_pipeline - INFO - ✓ Logistic_Regression evaluation complete
[2026-02-12 15:10:32] churn_pipeline - INFO -   Accuracy: 0.8050
[2026-02-12 15:10:32] churn_pipeline - INFO -   Precision: 0.5859
[2026-02-12 15:10:32] churn_pipeline - INFO -   Recall: 0.1425
[2026-02-12 15:10:32] churn_pipeline - INFO -   F1 Score: 0.2292
[2026-02-12 15:10:32] churn_pipeline - INFO -   ROC-AUC: 0.7710
[2026-02-12 15:10:32] churn_pipeline - INFO - --------------------------------------------------------------------------------
[2026-02-12 15:10:32] churn_pipeline - INFO - ✓ Loaded model: AdaBoost
[2026-02-12 15:10:32] churn_pipeline - INFO - Evaluating AdaBoost...
[2026-02-12 15:10:32] churn_pipeline - INFO - ✓ AdaBoost evaluation complete
[2026-02-12 15:10:32] churn_pipeline - INFO -   Accuracy: 0.8535
[2026-02-12 15:10:32] churn_pipeline - INFO -   Precision: 0.7080
[2026-02-12 15:10:32] churn_pipeline - INFO -   Recall: 0.4767
[2026-02-12 15:10:32] churn_pipeline - INFO -   F1 Score: 0.5698
[2026-02-12 15:10:32] churn_pipeline - INFO -   ROC-AUC: 0.8487
[2026-02-12 15:10:32] churn_pipeline - INFO - --------------------------------------------------------------------------------
[2026-02-12 15:10:32] churn_pipeline - INFO - ✓ Loaded model: Random_Forest
[2026-02-12 15:10:32] churn_pipeline - INFO - Evaluating Random_Forest...
[2026-02-12 15:10:32] churn_pipeline - INFO - ✓ Random_Forest evaluation complete
[2026-02-12 15:10:32] churn_pipeline - INFO -   Accuracy: 0.8640
[2026-02-12 15:10:32] churn_pipeline - INFO -   Precision: 0.7778
[2026-02-12 15:10:32] churn_pipeline - INFO -   Recall: 0.4644
[2026-02-12 15:10:32] churn_pipeline - INFO -   F1 Score: 0.5815
[2026-02-12 15:10:32] churn_pipeline - INFO -   ROC-AUC: 0.8471
[2026-02-12 15:10:32] churn_pipeline - INFO - --------------------------------------------------------------------------------
[2026-02-12 15:10:32] churn_pipeline - INFO - Creating model comparison table...
[2026-02-12 15:10:32] churn_pipeline - INFO - ✓ Model comparison table created
[2026-02-12 15:10:32] churn_pipeline - INFO - 
                 Model  Accuracy  Precision    Recall  F1_Score   ROC_AUC
0    Gradient_Boosting    0.8675   0.788618  0.476658  0.594181  0.867301
1             CatBoost    0.8645   0.778689  0.466830  0.583717  0.858148
2        Random_Forest    0.8640   0.777778  0.464373  0.581538  0.847142
3             AdaBoost    0.8535   0.708029  0.476658  0.569750  0.848744
4              XGBoost    0.8470   0.678445  0.471744  0.556522  0.832972
5           KNeighbors    0.8350   0.662447  0.385749  0.487578  0.772447
6        Decision_Tree    0.7755   0.451163  0.476658  0.463560  0.664255
7  Logistic_Regression    0.8050   0.585859  0.142506  0.229249  0.771044
[2026-02-12 15:10:32] churn_pipeline - INFO - ✓ Best model identified: Gradient_Boosting
[2026-02-12 15:10:32] churn_pipeline - INFO -   F1 Score: 0.5942
[2026-02-12 15:10:32] churn_pipeline - INFO - ✓ Loaded model: Gradient_Boosting
[2026-02-12 15:10:32] churn_pipeline - INFO - ✓ Confusion matrix generated for Gradient_Boosting
[2026-02-12 15:10:32] churn_pipeline - INFO -   True Negatives: 1541, False Positives: 52
[2026-02-12 15:10:32] churn_pipeline - INFO -   False Negatives: 213, True Positives: 194
[2026-02-12 15:10:32] churn_pipeline - INFO - ✓ Classification report generated for Gradient_Boosting
[2026-02-12 15:10:32] churn_pipeline - INFO - 
================================================================================
[2026-02-12 15:10:32] churn_pipeline - INFO - BEST MODEL: Gradient_Boosting
[2026-02-12 15:10:32] churn_pipeline - INFO - ================================================================================
[2026-02-12 15:10:32] churn_pipeline - INFO - 
              precision    recall  f1-score   support

  Stayed (0)       0.88      0.97      0.92      1593
 Churned (1)       0.79      0.48      0.59       407

    accuracy                           0.87      2000
   macro avg       0.83      0.72      0.76      2000
weighted avg       0.86      0.87      0.85      2000

[2026-02-12 15:10:32] churn_pipeline - INFO - Saving comparison results...
[2026-02-12 15:10:32] churn_pipeline - INFO - ✓ Comparison results saved to artifacts/metrics/model_comparison.csv
[2026-02-12 15:10:32] churn_pipeline - INFO - ================================================================================
[2026-02-12 15:10:32] churn_pipeline - INFO - ✅ MODEL EVALUATION COMPLETED SUCCESSFULLY
[2026-02-12 15:10:32] churn_pipeline - INFO - ================================================================================
