[2026-02-19 14:37:40] churn_pipeline - INFO - ================================================================================
[2026-02-19 14:37:40] churn_pipeline - INFO - Banking Customer Churn Prediction Pipeline - Logging Initialized
[2026-02-19 14:37:40] churn_pipeline - INFO - Log file: logs/churn_pipeline_20260219_143740.log
[2026-02-19 14:37:40] churn_pipeline - INFO - ================================================================================
[2026-02-19 14:37:40] churn_pipeline - INFO - Initializing ChurnPredictor on app startup...
[2026-02-19 14:37:40] churn_pipeline - INFO - ChurnPredictor initialized with model: Gradient_Boosting
[2026-02-19 14:37:40] churn_pipeline - INFO - Initializing ChurnPredictor...
[2026-02-19 14:37:41] churn_pipeline - INFO - ✓ Model loaded: Gradient_Boosting
[2026-02-19 14:37:41] churn_pipeline - INFO - Loading preprocessing artifacts...
[2026-02-19 14:37:41] churn_pipeline - INFO - ✓ Scaler loaded
[2026-02-19 14:37:41] churn_pipeline - INFO - ✓ Geography encoder loaded
[2026-02-19 14:37:41] churn_pipeline - INFO - ✓ Gender encoder loaded
[2026-02-19 14:37:41] churn_pipeline - INFO - ✅ ChurnPredictor initialized successfully
[2026-02-19 14:37:41] churn_pipeline - INFO - ✅ ChurnPredictor initialized successfully
[2026-02-19 14:38:35] churn_pipeline - INFO - Received prediction request for customer: {'CreditScore': 619, 'Geography': 'France', 'Gender': 'Female', 'Age': 42, 'Tenure': 2, 'Balance': 0.0, 'NumOfProducts': 1, 'HasCrCard': 1, 'IsActiveMember': 1, 'EstimatedSalary': 101348.88}
[2026-02-19 14:38:35] churn_pipeline - INFO - Making prediction...
[2026-02-19 14:38:35] churn_pipeline - INFO - Preprocessing input data...
[2026-02-19 14:38:35] churn_pipeline - INFO - Input shape: (1, 10)
[2026-02-19 14:38:35] churn_pipeline - INFO - ✓ Geography encoded
[2026-02-19 14:38:35] churn_pipeline - INFO - ✓ Gender encoded
[2026-02-19 14:38:35] churn_pipeline - INFO - ✓ Features scaled
[2026-02-19 14:38:35] churn_pipeline - INFO - ✅ Preprocessing complete. Output shape: (1, 10)
[2026-02-19 14:38:35] churn_pipeline - INFO - ✅ Prediction complete
[2026-02-19 14:38:35] churn_pipeline - INFO -    Predictions: [1]
[2026-02-19 14:38:35] churn_pipeline - INFO -    Churn probabilities: ['57.87%']
[2026-02-19 14:38:35] churn_pipeline - INFO - Prediction result: Churned (57.87%)
