[2026-02-12 14:54:53] churn_pipeline - INFO - ================================================================================
[2026-02-12 14:54:53] churn_pipeline - INFO - Banking Customer Churn Prediction Pipeline - Logging Initialized
[2026-02-12 14:54:53] churn_pipeline - INFO - Log file: logs/churn_pipeline_20260212_145453.log
[2026-02-12 14:54:53] churn_pipeline - INFO - ================================================================================
[2026-02-12 14:54:53] churn_pipeline - INFO - DataIngestion initialized with path: data/raw/Churn_Modelling.csv
[2026-02-12 14:54:53] churn_pipeline - INFO - ================================================================================
[2026-02-12 14:54:53] churn_pipeline - INFO - STARTING DATA INGESTION PIPELINE
[2026-02-12 14:54:53] churn_pipeline - INFO - ================================================================================
[2026-02-12 14:54:53] churn_pipeline - INFO - Loading data from: data/raw/Churn_Modelling.csv
[2026-02-12 14:54:53] churn_pipeline - INFO - ✓ Data loaded successfully. Shape: (10000, 14)
[2026-02-12 14:54:53] churn_pipeline - INFO - ✓ Columns: ['RowNumber', 'CustomerId', 'Surname', 'CreditScore', 'Geography', 'Gender', 'Age', 'Tenure', 'Balance', 'NumOfProducts', 'HasCrCard', 'IsActiveMember', 'EstimatedSalary', 'Exited']
[2026-02-12 14:54:53] churn_pipeline - INFO - Validating data schema...
[2026-02-12 14:54:53] churn_pipeline - INFO - ✓ Schema validation passed - all required columns present
[2026-02-12 14:54:53] churn_pipeline - INFO - Performing data quality checks...
[2026-02-12 14:54:53] churn_pipeline - INFO - ✓ Total rows: 10000
[2026-02-12 14:54:53] churn_pipeline - INFO - ✓ Total columns: 14
[2026-02-12 14:54:53] churn_pipeline - INFO - ✓ Duplicate rows: 0
[2026-02-12 14:54:53] churn_pipeline - INFO - ✓ No missing values found
[2026-02-12 14:54:53] churn_pipeline - INFO - ================================================================================
[2026-02-12 14:54:53] churn_pipeline - INFO - ✅ DATA INGESTION COMPLETED SUCCESSFULLY
[2026-02-12 14:54:53] churn_pipeline - INFO - ================================================================================
